<?xml version="1.0" encoding="UTF-8"?>
<testng-results ignored="0" total="5" passed="5" failed="0" skipped="0">
  <reporter-output>
  </reporter-output>
  <suite started-at="2022-06-16T17:26:08 IST" name="Default suite" finished-at="2022-06-16T17:26:57 IST" duration-ms="48713">
    <groups>
    </groups>
    <test started-at="2022-06-16T17:26:08 IST" name="Default test" finished-at="2022-06-16T17:26:57 IST" duration-ms="48713">
      <class name="test.ExistingUser">
        <test-method signature="login(java.lang.String,java.lang.String)[pri:0, instance:test.ExistingUser@140c9f39]" started-at="2022-06-16T17:26:08 IST" name="login" data-provider="getData" finished-at="2022-06-16T17:26:22 IST" duration-ms="13647" status="PASS">
          <params>
            <param index="0">
              <value>
                <![CDATA[sidduchallagidad143@gmail.com ]]>
              </value>
            </param>
            <param index="1">
              <value>
                <![CDATA[xxxxx]]>
              </value>
            </param>
          </params>
          <reporter-output>
          </reporter-output>
        </test-method> <!-- login -->
        <test-method signature="login(java.lang.String,java.lang.String)[pri:0, instance:test.ExistingUser@140c9f39]" started-at="2022-06-16T17:26:22 IST" name="login" data-provider="getData" finished-at="2022-06-16T17:26:31 IST" duration-ms="8823" status="PASS">
          <params>
            <param index="0">
              <value>
                <![CDATA[sidduchallagidad143@gmail.com ]]>
              </value>
            </param>
            <param index="1">
              <value>
                <![CDATA[yyyyyyyyy]]>
              </value>
            </param>
          </params>
          <reporter-output>
          </reporter-output>
        </test-method> <!-- login -->
        <test-method signature="login(java.lang.String,java.lang.String)[pri:0, instance:test.ExistingUser@140c9f39]" started-at="2022-06-16T17:26:31 IST" name="login" data-provider="getData" finished-at="2022-06-16T17:26:40 IST" duration-ms="8960" status="PASS">
          <params>
            <param index="0">
              <value>
                <![CDATA[sidduchallagi@gmail.com ]]>
              </value>
            </param>
            <param index="1">
              <value>
                <![CDATA[xxxxx]]>
              </value>
            </param>
          </params>
          <reporter-output>
          </reporter-output>
        </test-method> <!-- login -->
        <test-method signature="login(java.lang.String,java.lang.String)[pri:0, instance:test.ExistingUser@140c9f39]" started-at="2022-06-16T17:26:40 IST" name="login" data-provider="getData" finished-at="2022-06-16T17:26:48 IST" duration-ms="8560" status="PASS">
          <params>
            <param index="0">
              <value>
                <![CDATA[sidduchallagidad143@gmail.com ]]>
              </value>
            </param>
            <param index="1">
              <value>
                <![CDATA[yyyyyyyy]]>
              </value>
            </param>
          </params>
          <reporter-output>
          </reporter-output>
        </test-method> <!-- login -->
        <test-method signature="login(java.lang.String,java.lang.String)[pri:0, instance:test.ExistingUser@140c9f39]" started-at="2022-06-16T17:26:48 IST" name="login" data-provider="getData" finished-at="2022-06-16T17:26:57 IST" duration-ms="8653" status="PASS">
          <params>
            <param index="0">
              <value>
                <![CDATA[sidduchallagid43@gmail.com ]]>
              </value>
            </param>
            <param index="1">
              <value>
                <![CDATA[edfghj]]>
              </value>
            </param>
          </params>
          <reporter-output>
          </reporter-output>
        </test-method> <!-- login -->
      </class> <!-- test.ExistingUser -->
    </test> <!-- Default test -->
  </suite> <!-- Default suite -->
</testng-results>
