<?xml version="1.0" encoding="UTF-8"?>
<!-- Generated by org.testng.reporters.JUnitXMLReporter -->
<testsuite ignored="0" hostname="QT-INBG-LT0353" failures="0" tests="5" name="Default test" time="48.713" errors="0" timestamp="2022-06-16T17:26:57 IST">
  <testcase classname="test.ExistingUser" name="login" time="13.647"/>
  <testcase classname="test.ExistingUser" name="login" time="8.823"/>
  <testcase classname="test.ExistingUser" name="login" time="8.96"/>
  <testcase classname="test.ExistingUser" name="login" time="8.56"/>
  <testcase classname="test.ExistingUser" name="login" time="8.653"/>
</testsuite> <!-- Default test -->
