<?xml version="1.0" encoding="UTF-8"?>
<!-- Generated by org.testng.reporters.JUnitXMLReporter -->
<testsuite ignored="1" hostname="QT-INBG-LT0353" failures="0" tests="5" name="Test" time="53.089" errors="0" timestamp="2022-06-16T14:56:26 IST">
  <testcase classname="test.ExistingUser" name="login" time="7.349"/>
  <testcase classname="test.ExistingUser" name="login" time="6.984"/>
  <testcase classname="test.ExistingUser" name="login" time="7.512"/>
  <testcase classname="test.ExistingUser" name="login" time="7.214"/>
  <testcase classname="test.ExistingUser" name="login" time="7.147"/>
  <testcase classname="test.NewUserRegistration" name="@BeforeTest SignUp" time="0.0">
    <ignored/>
  </testcase> <!-- @BeforeTest SignUp -->
</testsuite> <!-- Test -->
